-------------------------------------------------------------------------------
Test set: Test_Runner
-------------------------------------------------------------------------------
Tests run: 2, Failures: 0, Errors: 2, Skipped: 0, Time elapsed: 0.016 s <<< FAILURE! - in Test_Runner
initializationError(Test_Runner)  Time elapsed: 0.003 s  <<< ERROR!
java.lang.Exception: Method start() should be static

initializationError(Test_Runner)  Time elapsed: 0 s  <<< ERROR!
java.lang.Exception: Method stop() should be static

