<?xml version="1.0" encoding="UTF-8"?>
<testsuite xmlns:xsi="http://www.w3.org/2001/XMLSchema-instance" xsi:noNamespaceSchemaLocation="https://maven.apache.org/surefire/maven-surefire-plugin/xsd/surefire-test-report.xsd" name="Test_Runner" time="0.016" tests="2" errors="2" skipped="0" failures="0">
  <properties>
[...]
</properties>
  <testcase name="initializationError" classname="Test_Runner" time="0.003">
    <error message="Method start() should be static" type="java.lang.Exception">java.lang.Exception: Method start() should be static
</error>
  </testcase>
  <testcase name="initializationError" classname="Test_Runner" time="0">
    <error message="Method stop() should be static" type="java.lang.Exception">java.lang.Exception: Method stop() should be static
</error>
  </testcase>
</testsuite>